[0210/090048.246:INFO:CONSOLE(1)] "Uncaught ReferenceError: start is not defined", source: file:///C:/Program%20Files%20(x86)/Google/Chrome/Application/109.0.5414.121/ (1)
[0210/090048.247:INFO:CONSOLE(2)] "Uncaught ReferenceError: onHasParentDirectory is not defined", source: file:///C:/Program%20Files%20(x86)/Google/Chrome/Application/109.0.5414.121/ (2)
[0210/090048.247:INFO:CONSOLE(3)] "Uncaught ReferenceError: addRow is not defined", source: file:///C:/Program%20Files%20(x86)/Google/Chrome/Application/109.0.5414.121/ (3)
[0210/090048.247:INFO:CONSOLE(4)] "Uncaught ReferenceError: addRow is not defined", source: file:///C:/Program%20Files%20(x86)/Google/Chrome/Application/109.0.5414.121/ (4)
[0210/090048.247:INFO:CONSOLE(5)] "Uncaught ReferenceError: addRow is not defined", source: file:///C:/Program%20Files%20(x86)/Google/Chrome/Application/109.0.5414.121/ (5)
[0210/090048.247:INFO:CONSOLE(6)] "Uncaught ReferenceError: addRow is not defined", source: file:///C:/Program%20Files%20(x86)/Google/Chrome/Application/109.0.5414.121/ (6)
[0210/090048.247:INFO:CONSOLE(7)] "Uncaught ReferenceError: addRow is not defined", source: file:///C:/Program%20Files%20(x86)/Google/Chrome/Application/109.0.5414.121/ (7)
[0210/090048.247:INFO:CONSOLE(8)] "Uncaught ReferenceError: addRow is not defined", source: file:///C:/Program%20Files%20(x86)/Google/Chrome/Application/109.0.5414.121/ (8)
[0210/090048.247:INFO:CONSOLE(9)] "Uncaught ReferenceError: addRow is not defined", source: file:///C:/Program%20Files%20(x86)/Google/Chrome/Application/109.0.5414.121/ (9)
[0210/090048.247:INFO:CONSOLE(10)] "Uncaught ReferenceError: addRow is not defined", source: file:///C:/Program%20Files%20(x86)/Google/Chrome/Application/109.0.5414.121/ (10)
[0210/090048.247:INFO:CONSOLE(11)] "Uncaught ReferenceError: addRow is not defined", source: file:///C:/Program%20Files%20(x86)/Google/Chrome/Application/109.0.5414.121/ (11)
[0210/090048.247:INFO:CONSOLE(12)] "Uncaught ReferenceError: addRow is not defined", source: file:///C:/Program%20Files%20(x86)/Google/Chrome/Application/109.0.5414.121/ (12)
[0210/090048.248:INFO:CONSOLE(13)] "Uncaught ReferenceError: addRow is not defined", source: file:///C:/Program%20Files%20(x86)/Google/Chrome/Application/109.0.5414.121/ (13)
[0210/090048.248:INFO:CONSOLE(14)] "Uncaught ReferenceError: addRow is not defined", source: file:///C:/Program%20Files%20(x86)/Google/Chrome/Application/109.0.5414.121/ (14)
[0210/090048.248:INFO:CONSOLE(15)] "Uncaught ReferenceError: addRow is not defined", source: file:///C:/Program%20Files%20(x86)/Google/Chrome/Application/109.0.5414.121/ (15)
[0210/090048.248:INFO:CONSOLE(16)] "Uncaught ReferenceError: addRow is not defined", source: file:///C:/Program%20Files%20(x86)/Google/Chrome/Application/109.0.5414.121/ (16)
[0210/090048.248:INFO:CONSOLE(17)] "Uncaught ReferenceError: addRow is not defined", source: file:///C:/Program%20Files%20(x86)/Google/Chrome/Application/109.0.5414.121/ (17)
[0210/090048.248:INFO:CONSOLE(18)] "Uncaught ReferenceError: addRow is not defined", source: file:///C:/Program%20Files%20(x86)/Google/Chrome/Application/109.0.5414.121/ (18)
[0210/090048.248:INFO:CONSOLE(19)] "Uncaught ReferenceError: addRow is not defined", source: file:///C:/Program%20Files%20(x86)/Google/Chrome/Application/109.0.5414.121/ (19)
[0210/090048.248:INFO:CONSOLE(20)] "Uncaught ReferenceError: addRow is not defined", source: file:///C:/Program%20Files%20(x86)/Google/Chrome/Application/109.0.5414.121/ (20)
[0210/090048.248:INFO:CONSOLE(21)] "Uncaught ReferenceError: addRow is not defined", source: file:///C:/Program%20Files%20(x86)/Google/Chrome/Application/109.0.5414.121/ (21)
[0210/090048.248:INFO:CONSOLE(22)] "Uncaught ReferenceError: addRow is not defined", source: file:///C:/Program%20Files%20(x86)/Google/Chrome/Application/109.0.5414.121/ (22)
[0210/090048.248:INFO:CONSOLE(23)] "Uncaught ReferenceError: addRow is not defined", source: file:///C:/Program%20Files%20(x86)/Google/Chrome/Application/109.0.5414.121/ (23)
[0210/090048.248:INFO:CONSOLE(24)] "Uncaught ReferenceError: addRow is not defined", source: file:///C:/Program%20Files%20(x86)/Google/Chrome/Application/109.0.5414.121/ (24)
[0210/090048.248:INFO:CONSOLE(25)] "Uncaught ReferenceError: addRow is not defined", source: file:///C:/Program%20Files%20(x86)/Google/Chrome/Application/109.0.5414.121/ (25)
[0210/090048.248:INFO:CONSOLE(26)] "Uncaught ReferenceError: addRow is not defined", source: file:///C:/Program%20Files%20(x86)/Google/Chrome/Application/109.0.5414.121/ (26)
[0210/090048.248:INFO:CONSOLE(27)] "Uncaught ReferenceError: addRow is not defined", source: file:///C:/Program%20Files%20(x86)/Google/Chrome/Application/109.0.5414.121/ (27)
[0210/090048.248:INFO:CONSOLE(28)] "Uncaught ReferenceError: addRow is not defined", source: file:///C:/Program%20Files%20(x86)/Google/Chrome/Application/109.0.5414.121/ (28)
[0210/090048.248:INFO:CONSOLE(29)] "Uncaught ReferenceError: addRow is not defined", source: file:///C:/Program%20Files%20(x86)/Google/Chrome/Application/109.0.5414.121/ (29)
[0210/090048.248:INFO:CONSOLE(30)] "Uncaught ReferenceError: addRow is not defined", source: file:///C:/Program%20Files%20(x86)/Google/Chrome/Application/109.0.5414.121/ (30)
[0210/090048.248:INFO:CONSOLE(31)] "Uncaught ReferenceError: addRow is not defined", source: file:///C:/Program%20Files%20(x86)/Google/Chrome/Application/109.0.5414.121/ (31)
[0210/090048.248:INFO:CONSOLE(32)] "Uncaught ReferenceError: addRow is not defined", source: file:///C:/Program%20Files%20(x86)/Google/Chrome/Application/109.0.5414.121/ (32)
[0210/090048.248:INFO:CONSOLE(33)] "Uncaught ReferenceError: addRow is not defined", source: file:///C:/Program%20Files%20(x86)/Google/Chrome/Application/109.0.5414.121/ (33)
[0210/090048.248:INFO:CONSOLE(34)] "Uncaught ReferenceError: addRow is not defined", source: file:///C:/Program%20Files%20(x86)/Google/Chrome/Application/109.0.5414.121/ (34)
[0210/090048.248:INFO:CONSOLE(35)] "Uncaught ReferenceError: addRow is not defined", source: file:///C:/Program%20Files%20(x86)/Google/Chrome/Application/109.0.5414.121/ (35)
[0210/090049.820:INFO:CONSOLE(7)] "Another connection wants to delete database 'wawc'. Closing db now to resume the delete request.", source: https://web.whatsapp.com/vendor1~app.58a51d93a250f83ab555.js (7)
[0210/090117.828:WARNING:backend_impl.cc(1816)] Destroying invalid entry.
[0210/090117.829:WARNING:backend_impl.cc(1816)] Destroying invalid entry.
[0210/090117.830:WARNING:backend_impl.cc(1816)] Destroying invalid entry.
[0210/090117.832:WARNING:backend_impl.cc(1816)] Destroying invalid entry.
[0210/090117.832:WARNING:backend_impl.cc(1816)] Destroying invalid entry.
[0210/090117.832:WARNING:backend_impl.cc(1816)] Destroying invalid entry.
[0210/090117.833:WARNING:backend_impl.cc(1816)] Destroying invalid entry.
[0210/090117.833:WARNING:backend_impl.cc(1816)] Destroying invalid entry.
[0210/090117.834:WARNING:backend_impl.cc(1816)] Destroying invalid entry.
[0210/090117.834:WARNING:backend_impl.cc(1816)] Destroying invalid entry.
[0210/090117.837:WARNING:backend_impl.cc(1816)] Destroying invalid entry.
[0210/090117.838:WARNING:backend_impl.cc(1816)] Destroying invalid entry.
[0210/090117.838:WARNING:backend_impl.cc(1816)] Destroying invalid entry.
[0210/090117.838:WARNING:backend_impl.cc(1816)] Destroying invalid entry.
[0210/090117.839:WARNING:backend_impl.cc(1816)] Destroying invalid entry.
[0210/090117.839:WARNING:backend_impl.cc(1816)] Destroying invalid entry.
[0210/090117.841:WARNING:backend_impl.cc(1816)] Destroying invalid entry.
[0210/090117.841:WARNING:backend_impl.cc(1816)] Destroying invalid entry.
[0210/090117.846:WARNING:backend_impl.cc(1816)] Destroying invalid entry.
[0210/090117.847:WARNING:backend_impl.cc(1816)] Destroying invalid entry.
[0210/090117.847:WARNING:backend_impl.cc(1816)] Destroying invalid entry.
[0210/090117.847:WARNING:backend_impl.cc(1816)] Destroying invalid entry.
[0210/090117.847:WARNING:backend_impl.cc(1816)] Destroying invalid entry.
[0210/090117.851:WARNING:backend_impl.cc(1816)] Destroying invalid entry.
[0210/090117.851:WARNING:backend_impl.cc(1816)] Destroying invalid entry.
[0210/090117.851:WARNING:backend_impl.cc(1816)] Destroying invalid entry.
[0210/090117.851:WARNING:backend_impl.cc(1816)] Destroying invalid entry.
[0210/090117.852:WARNING:backend_impl.cc(1816)] Destroying invalid entry.
[0210/090117.852:WARNING:backend_impl.cc(1816)] Destroying invalid entry.
[0210/090117.852:WARNING:backend_impl.cc(1816)] Destroying invalid entry.
[0210/090117.852:WARNING:backend_impl.cc(1816)] Destroying invalid entry.
[0210/090117.852:WARNING:backend_impl.cc(1816)] Destroying invalid entry.
[0210/090117.852:WARNING:backend_impl.cc(1816)] Destroying invalid entry.
[0210/090117.852:WARNING:backend_impl.cc(1816)] Destroying invalid entry.
[0210/090117.853:WARNING:backend_impl.cc(1816)] Destroying invalid entry.
[0210/090117.854:WARNING:backend_impl.cc(1816)] Destroying invalid entry.
[0210/090117.854:WARNING:backend_impl.cc(1816)] Destroying invalid entry.
[0210/090117.854:WARNING:backend_impl.cc(1816)] Destroying invalid entry.
[0210/090117.866:WARNING:backend_impl.cc(1816)] Destroying invalid entry.
[0210/090117.866:WARNING:backend_impl.cc(1816)] Destroying invalid entry.
[0210/090117.866:WARNING:backend_impl.cc(1816)] Destroying invalid entry.
[0210/090117.867:WARNING:backend_impl.cc(1816)] Destroying invalid entry.
[0210/090117.867:WARNING:backend_impl.cc(1816)] Destroying invalid entry.
[0210/090117.867:WARNING:backend_impl.cc(1816)] Destroying invalid entry.
[0210/090117.867:WARNING:backend_impl.cc(1816)] Destroying invalid entry.
[0210/090117.867:WARNING:backend_impl.cc(1816)] Destroying invalid entry.
[0210/090117.899:WARNING:backend_impl.cc(1816)] Destroying invalid entry.
[0210/090117.900:WARNING:backend_impl.cc(1816)] Destroying invalid entry.
[0210/090117.900:WARNING:backend_impl.cc(1816)] Destroying invalid entry.
[0210/090117.900:WARNING:backend_impl.cc(1816)] Destroying invalid entry.
[0210/090117.900:WARNING:backend_impl.cc(1816)] Destroying invalid entry.
[0210/090117.900:WARNING:backend_impl.cc(1816)] Destroying invalid entry.
[0210/090117.900:WARNING:backend_impl.cc(1816)] Destroying invalid entry.
[0210/090117.900:WARNING:backend_impl.cc(1816)] Destroying invalid entry.
[0210/090117.901:WARNING:backend_impl.cc(1816)] Destroying invalid entry.
[0210/090117.901:WARNING:backend_impl.cc(1816)] Destroying invalid entry.
[0210/090117.901:WARNING:backend_impl.cc(1816)] Destroying invalid entry.
[0210/090117.901:WARNING:backend_impl.cc(1816)] Destroying invalid entry.
[0210/090117.901:WARNING:backend_impl.cc(1816)] Destroying invalid entry.
[0210/090117.901:WARNING:backend_impl.cc(1816)] Destroying invalid entry.
[0210/090117.901:WARNING:backend_impl.cc(1816)] Destroying invalid entry.
[0210/090117.902:WARNING:backend_impl.cc(1816)] Destroying invalid entry.
[0210/090117.902:WARNING:backend_impl.cc(1816)] Destroying invalid entry.
[0210/090117.902:WARNING:backend_impl.cc(1816)] Destroying invalid entry.
[0210/090117.902:WARNING:backend_impl.cc(1816)] Destroying invalid entry.
[0210/090117.902:WARNING:backend_impl.cc(1816)] Destroying invalid entry.
[0210/090117.902:WARNING:backend_impl.cc(1816)] Destroying invalid entry.
[0210/090118.102:WARNING:backend_impl.cc(1816)] Destroying invalid entry.
[0210/090118.102:WARNING:backend_impl.cc(1816)] Destroying invalid entry.
[0210/090118.103:WARNING:backend_impl.cc(1816)] Destroying invalid entry.
[0210/090118.104:WARNING:backend_impl.cc(1816)] Destroying invalid entry.
[0210/090118.104:WARNING:backend_impl.cc(1816)] Destroying invalid entry.
[0210/090118.105:WARNING:backend_impl.cc(1816)] Destroying invalid entry.
[0210/090118.106:WARNING:backend_impl.cc(1816)] Destroying invalid entry.
[0210/090118.106:WARNING:backend_impl.cc(1816)] Destroying invalid entry.
[0210/090118.107:WARNING:backend_impl.cc(1816)] Destroying invalid entry.
[0210/090118.107:WARNING:backend_impl.cc(1816)] Destroying invalid entry.
[0210/090118.108:WARNING:backend_impl.cc(1816)] Destroying invalid entry.
[0210/090118.109:WARNING:backend_impl.cc(1816)] Destroying invalid entry.
[0210/090118.109:WARNING:backend_impl.cc(1816)] Destroying invalid entry.
[0210/090118.110:WARNING:backend_impl.cc(1816)] Destroying invalid entry.
[0210/090118.111:WARNING:backend_impl.cc(1816)] Destroying invalid entry.
[0210/090118.111:WARNING:backend_impl.cc(1816)] Destroying invalid entry.
[0210/090118.112:WARNING:backend_impl.cc(1816)] Destroying invalid entry.
[0210/090118.112:WARNING:backend_impl.cc(1816)] Destroying invalid entry.
[0210/090118.113:WARNING:backend_impl.cc(1816)] Destroying invalid entry.
[0210/090118.116:WARNING:backend_impl.cc(1816)] Destroying invalid entry.
[0210/090118.116:WARNING:backend_impl.cc(1816)] Destroying invalid entry.
[0210/090118.117:WARNING:backend_impl.cc(1816)] Destroying invalid entry.
